2026-07-13 18:49:48 [main] INFO  stepdefinitions.LoginSteps - Browser Launched....
2026-07-13 18:50:01 [main] INFO  stepdefinitions.LoginSteps - Navigate to URL....
2026-07-13 18:50:01 [main] INFO  stepdefinitions.LoginSteps - ===================================================
2026-07-13 18:50:02 [main] INFO  stepdefinitions.LoginSteps - Entered UserName
2026-07-13 18:50:02 [main] INFO  stepdefinitions.LoginSteps - Entered Password
2026-07-13 18:50:02 [main] INFO  stepdefinitions.LoginSteps - ===================================================
2026-07-13 18:50:04 [main] INFO  stepdefinitions.LoginSteps - Click Login Button...
2026-07-13 18:50:04 [main] INFO  stepdefinitions.LoginSteps - ===================================================
2026-07-13 18:50:04 [main] INFO  stepdefinitions.LoginSteps - Dashboard verification inprogress.....
2026-07-13 19:00:08 [main] INFO  stepdefinitions.LoginSteps - Browser Launched....
2026-07-13 19:00:11 [main] INFO  stepdefinitions.LoginSteps - Navigate to URL....
2026-07-13 19:00:11 [main] INFO  stepdefinitions.LoginSteps - ===================================================
2026-07-13 19:00:12 [main] INFO  stepdefinitions.LoginSteps - Entered UserName
2026-07-13 19:00:12 [main] INFO  stepdefinitions.LoginSteps - Entered Password
2026-07-13 19:00:12 [main] INFO  stepdefinitions.LoginSteps - ===================================================
2026-07-13 19:00:12 [main] INFO  stepdefinitions.LoginSteps - Click Login Button...
2026-07-13 19:00:12 [main] INFO  stepdefinitions.LoginSteps - ===================================================
2026-07-13 19:00:12 [main] INFO  stepdefinitions.LoginSteps - Dashboard verification inprogress.....
2026-07-13 19:07:55 [main] INFO  stepdefinitions.LoginSteps - Browser Launched....
2026-07-13 19:07:58 [main] INFO  stepdefinitions.LoginSteps - Navigate to URL....
2026-07-13 19:07:58 [main] INFO  stepdefinitions.LoginSteps - ===================================================
2026-07-13 19:07:58 [main] INFO  stepdefinitions.LoginSteps - Entered UserName
2026-07-13 19:07:58 [main] INFO  stepdefinitions.LoginSteps - Entered Password
2026-07-13 19:07:58 [main] INFO  stepdefinitions.LoginSteps - ===================================================
2026-07-13 19:08:00 [main] INFO  stepdefinitions.LoginSteps - Click Login Button...
2026-07-13 19:08:00 [main] INFO  stepdefinitions.LoginSteps - ===================================================
2026-07-13 19:08:00 [main] INFO  stepdefinitions.LoginSteps - Dashboard verification inprogress.....
