2026-07-16 15:25:00 [main] INFO  stepdefinitions.LoginSteps - Browser Launched....
2026-07-16 15:25:04 [main] INFO  stepdefinitions.LoginSteps - Navigate to URL....
2026-07-16 15:25:04 [main] INFO  stepdefinitions.LoginSteps - ===================================================
2026-07-16 15:25:06 [main] INFO  stepdefinitions.LoginSteps - Entered UserName
2026-07-16 15:25:06 [main] INFO  stepdefinitions.LoginSteps - Entered Password
2026-07-16 15:25:06 [main] INFO  stepdefinitions.LoginSteps - ===================================================
2026-07-16 15:25:08 [main] INFO  stepdefinitions.LoginSteps - Click Login Button...
2026-07-16 15:25:08 [main] INFO  stepdefinitions.LoginSteps - ===================================================
2026-07-16 15:25:08 [main] INFO  stepdefinitions.LoginSteps - Dashboard verification inprogress.....
2026-07-16 15:28:13 [main] INFO  stepdefinitions.LoginSteps - Browser Launched....
2026-07-16 15:28:24 [main] INFO  stepdefinitions.LoginSteps - Navigate to URL....
2026-07-16 15:28:24 [main] INFO  stepdefinitions.LoginSteps - ===================================================
2026-07-16 15:28:26 [main] INFO  stepdefinitions.LoginSteps - Entered UserName
2026-07-16 15:28:26 [main] INFO  stepdefinitions.LoginSteps - Entered Password
2026-07-16 15:28:26 [main] INFO  stepdefinitions.LoginSteps - ===================================================
2026-07-16 15:28:27 [main] INFO  stepdefinitions.LoginSteps - Click Login Button...
2026-07-16 15:28:27 [main] INFO  stepdefinitions.LoginSteps - ===================================================
2026-07-16 15:28:27 [main] INFO  stepdefinitions.LoginSteps - Dashboard verification inprogress.....
2026-07-16 15:28:35 [main] INFO  stepdefinitions.LoginSteps - Browser Launched....
2026-07-16 15:28:53 [main] INFO  stepdefinitions.LoginSteps - Navigate to URL....
2026-07-16 15:28:53 [main] INFO  stepdefinitions.LoginSteps - ===================================================
2026-07-16 15:28:55 [main] INFO  stepdefinitions.LoginSteps - Entered UserName
2026-07-16 15:28:55 [main] INFO  stepdefinitions.LoginSteps - Entered Password
2026-07-16 15:28:55 [main] INFO  stepdefinitions.LoginSteps - ===================================================
2026-07-16 15:28:55 [main] INFO  stepdefinitions.LoginSteps - Click Login Button...
2026-07-16 15:28:56 [main] INFO  stepdefinitions.LoginSteps - ===================================================
2026-07-16 15:28:56 [main] INFO  stepdefinitions.LoginSteps - Dashboard verification inprogress.....
2026-07-16 15:29:07 [main] INFO  stepdefinitions.LoginSteps - Browser Launched....
2026-07-16 15:29:22 [main] INFO  stepdefinitions.LoginSteps - Navigate to URL....
2026-07-16 15:29:22 [main] INFO  stepdefinitions.LoginSteps - ===================================================
2026-07-16 15:29:23 [main] INFO  stepdefinitions.LoginSteps - Entered UserName
2026-07-16 15:29:24 [main] INFO  stepdefinitions.LoginSteps - Entered Password
2026-07-16 15:29:24 [main] INFO  stepdefinitions.LoginSteps - ===================================================
2026-07-16 15:29:30 [main] INFO  stepdefinitions.LoginSteps - Click Login Button...
2026-07-16 15:29:30 [main] INFO  stepdefinitions.LoginSteps - ===================================================
2026-07-16 15:29:30 [main] INFO  stepdefinitions.LoginSteps - Dashboard verification inprogress.....
2026-07-16 15:29:55 [main] INFO  stepdefinitions.LoginSteps - Browser Launched....
2026-07-16 15:30:18 [main] INFO  stepdefinitions.LoginSteps - Navigate to URL....
2026-07-16 15:30:18 [main] INFO  stepdefinitions.LoginSteps - ===================================================
2026-07-16 15:30:19 [main] INFO  stepdefinitions.LoginSteps - Entered UserName
2026-07-16 15:30:19 [main] INFO  stepdefinitions.LoginSteps - Entered Password
2026-07-16 15:30:19 [main] INFO  stepdefinitions.LoginSteps - ===================================================
2026-07-16 15:30:21 [main] INFO  stepdefinitions.LoginSteps - Click Login Button...
2026-07-16 15:30:21 [main] INFO  stepdefinitions.LoginSteps - ===================================================
2026-07-16 15:30:21 [main] INFO  stepdefinitions.LoginSteps - Dashboard verification inprogress.....
2026-07-16 15:30:43 [main] INFO  stepdefinitions.LoginSteps - Browser Launched....
2026-07-16 15:30:47 [main] INFO  stepdefinitions.LoginSteps - Navigate to URL....
2026-07-16 15:30:47 [main] INFO  stepdefinitions.LoginSteps - ===================================================
2026-07-16 15:30:50 [main] INFO  stepdefinitions.LoginSteps - Entered UserName
2026-07-16 15:30:50 [main] INFO  stepdefinitions.LoginSteps - Entered Password
2026-07-16 15:30:50 [main] INFO  stepdefinitions.LoginSteps - ===================================================
2026-07-16 15:30:50 [main] INFO  stepdefinitions.LoginSteps - Click Login Button...
2026-07-16 15:30:50 [main] INFO  stepdefinitions.LoginSteps - ===================================================
2026-07-16 15:30:50 [main] INFO  stepdefinitions.LoginSteps - Dashboard verification inprogress.....
2026-07-16 15:31:13 [main] INFO  stepdefinitions.LoginSteps - Browser Launched....
2026-07-16 15:31:20 [main] INFO  stepdefinitions.LoginSteps - Navigate to URL....
2026-07-16 15:31:20 [main] INFO  stepdefinitions.LoginSteps - ===================================================
2026-07-16 15:31:21 [main] INFO  stepdefinitions.LoginSteps - Entered UserName
2026-07-16 15:31:22 [main] INFO  stepdefinitions.LoginSteps - Entered Password
2026-07-16 15:31:22 [main] INFO  stepdefinitions.LoginSteps - ===================================================
2026-07-16 15:31:22 [main] INFO  stepdefinitions.LoginSteps - Click Login Button...
2026-07-16 15:31:22 [main] INFO  stepdefinitions.LoginSteps - ===================================================
2026-07-16 15:31:22 [main] INFO  stepdefinitions.LoginSteps - Dashboard verification inprogress.....
2026-07-16 15:31:44 [main] INFO  stepdefinitions.LoginSteps - Browser Launched....
2026-07-16 15:31:56 [main] INFO  stepdefinitions.LoginSteps - Navigate to URL....
2026-07-16 15:31:56 [main] INFO  stepdefinitions.LoginSteps - ===================================================
2026-07-16 15:31:59 [main] INFO  stepdefinitions.LoginSteps - Entered UserName
2026-07-16 15:31:59 [main] INFO  stepdefinitions.LoginSteps - Entered Password
2026-07-16 15:31:59 [main] INFO  stepdefinitions.LoginSteps - ===================================================
2026-07-16 15:31:59 [main] INFO  stepdefinitions.LoginSteps - Click Login Button...
2026-07-16 15:31:59 [main] INFO  stepdefinitions.LoginSteps - ===================================================
2026-07-16 15:31:59 [main] INFO  stepdefinitions.LoginSteps - Dashboard verification inprogress.....
2026-07-16 15:32:22 [main] INFO  stepdefinitions.LoginSteps - Browser Launched....
2026-07-16 15:32:34 [main] INFO  stepdefinitions.LoginSteps - Navigate to URL....
2026-07-16 15:32:34 [main] INFO  stepdefinitions.LoginSteps - ===================================================
2026-07-16 15:32:37 [main] INFO  stepdefinitions.LoginSteps - Entered UserName
2026-07-16 15:32:37 [main] INFO  stepdefinitions.LoginSteps - Entered Password
2026-07-16 15:32:37 [main] INFO  stepdefinitions.LoginSteps - ===================================================
2026-07-16 15:32:37 [main] INFO  stepdefinitions.LoginSteps - Click Login Button...
2026-07-16 15:32:37 [main] INFO  stepdefinitions.LoginSteps - ===================================================
2026-07-16 15:32:37 [main] INFO  stepdefinitions.LoginSteps - Dashboard verification inprogress.....
2026-07-16 15:37:49 [main] INFO  stepdefinitions.LoginSteps - Browser Launched....
2026-07-16 15:38:19 [main] INFO  stepdefinitions.LoginSteps - Navigate to URL....
2026-07-16 15:38:19 [main] INFO  stepdefinitions.LoginSteps - ===================================================
2026-07-16 15:38:22 [main] INFO  stepdefinitions.LoginSteps - Entered UserName
2026-07-16 15:38:22 [main] INFO  stepdefinitions.LoginSteps - Entered Password
2026-07-16 15:38:22 [main] INFO  stepdefinitions.LoginSteps - ===================================================
2026-07-16 15:38:22 [main] INFO  stepdefinitions.LoginSteps - Click Login Button...
2026-07-16 15:38:22 [main] INFO  stepdefinitions.LoginSteps - ===================================================
2026-07-16 15:38:22 [main] INFO  stepdefinitions.LoginSteps - Dashboard verification inprogress.....
2026-07-16 15:38:34 [main] INFO  stepdefinitions.LoginSteps - Browser Launched....
2026-07-16 15:38:54 [main] INFO  stepdefinitions.LoginSteps - Navigate to URL....
2026-07-16 15:38:54 [main] INFO  stepdefinitions.LoginSteps - ===================================================
2026-07-16 15:39:03 [main] INFO  stepdefinitions.LoginSteps - Entered UserName
2026-07-16 15:39:04 [main] INFO  stepdefinitions.LoginSteps - Entered Password
2026-07-16 15:39:04 [main] INFO  stepdefinitions.LoginSteps - ===================================================
2026-07-16 15:39:04 [main] INFO  stepdefinitions.LoginSteps - Click Login Button...
2026-07-16 15:39:04 [main] INFO  stepdefinitions.LoginSteps - ===================================================
2026-07-16 15:39:04 [main] INFO  stepdefinitions.LoginSteps - Dashboard verification inprogress.....
2026-07-16 15:39:29 [main] INFO  stepdefinitions.LoginSteps - Browser Launched....
2026-07-16 15:39:57 [main] INFO  stepdefinitions.LoginSteps - Navigate to URL....
2026-07-16 15:39:57 [main] INFO  stepdefinitions.LoginSteps - ===================================================
2026-07-16 15:40:02 [main] INFO  stepdefinitions.LoginSteps - Entered UserName
2026-07-16 15:40:02 [main] INFO  stepdefinitions.LoginSteps - Entered Password
2026-07-16 15:40:02 [main] INFO  stepdefinitions.LoginSteps - ===================================================
2026-07-16 15:40:02 [main] INFO  stepdefinitions.LoginSteps - Click Login Button...
2026-07-16 15:40:02 [main] INFO  stepdefinitions.LoginSteps - ===================================================
2026-07-16 15:40:02 [main] INFO  stepdefinitions.LoginSteps - Dashboard verification inprogress.....
2026-07-16 15:40:25 [main] INFO  stepdefinitions.LoginSteps - Browser Launched....
2026-07-16 15:41:04 [main] INFO  stepdefinitions.LoginSteps - Navigate to URL....
2026-07-16 15:41:04 [main] INFO  stepdefinitions.LoginSteps - ===================================================
2026-07-16 15:41:09 [main] INFO  stepdefinitions.LoginSteps - Entered UserName
2026-07-16 15:41:10 [main] INFO  stepdefinitions.LoginSteps - Entered Password
2026-07-16 15:41:10 [main] INFO  stepdefinitions.LoginSteps - ===================================================
2026-07-16 15:41:10 [main] INFO  stepdefinitions.LoginSteps - Click Login Button...
2026-07-16 15:41:10 [main] INFO  stepdefinitions.LoginSteps - ===================================================
2026-07-16 15:41:10 [main] INFO  stepdefinitions.LoginSteps - Dashboard verification inprogress.....
2026-07-16 15:41:33 [main] INFO  stepdefinitions.LoginSteps - Browser Launched....
2026-07-16 15:41:57 [main] INFO  stepdefinitions.LoginSteps - Navigate to URL....
2026-07-16 15:41:57 [main] INFO  stepdefinitions.LoginSteps - ===================================================
2026-07-16 15:42:05 [main] INFO  stepdefinitions.LoginSteps - Entered UserName
2026-07-16 15:42:06 [main] INFO  stepdefinitions.LoginSteps - Entered Password
2026-07-16 15:42:06 [main] INFO  stepdefinitions.LoginSteps - ===================================================
2026-07-16 15:42:06 [main] INFO  stepdefinitions.LoginSteps - Click Login Button...
2026-07-16 15:42:06 [main] INFO  stepdefinitions.LoginSteps - ===================================================
2026-07-16 15:42:06 [main] INFO  stepdefinitions.LoginSteps - Dashboard verification inprogress.....
2026-07-16 16:08:23 [main] INFO  stepdefinitions.LoginSteps - Browser Launched....
2026-07-16 16:08:36 [main] INFO  stepdefinitions.LoginSteps - Navigate to URL....
2026-07-16 16:08:36 [main] INFO  stepdefinitions.LoginSteps - ===================================================
2026-07-16 16:08:40 [main] INFO  stepdefinitions.LoginSteps - Entered UserName
2026-07-16 16:08:40 [main] INFO  stepdefinitions.LoginSteps - Entered Password
2026-07-16 16:08:40 [main] INFO  stepdefinitions.LoginSteps - ===================================================
2026-07-16 16:08:48 [main] INFO  stepdefinitions.LoginSteps - Click Login Button...
2026-07-16 16:08:48 [main] INFO  stepdefinitions.LoginSteps - ===================================================
2026-07-16 16:08:51 [main] INFO  stepdefinitions.LoginSteps - Browser Launched....
2026-07-16 16:09:07 [main] INFO  stepdefinitions.LoginSteps - Navigate to URL....
2026-07-16 16:09:07 [main] INFO  stepdefinitions.LoginSteps - ===================================================
2026-07-16 16:09:12 [main] INFO  stepdefinitions.LoginSteps - Entered UserName
2026-07-16 16:09:13 [main] INFO  stepdefinitions.LoginSteps - Entered Password
2026-07-16 16:09:13 [main] INFO  stepdefinitions.LoginSteps - ===================================================
2026-07-16 16:09:13 [main] INFO  stepdefinitions.LoginSteps - Click Login Button...
2026-07-16 16:09:13 [main] INFO  stepdefinitions.LoginSteps - ===================================================
2026-07-16 16:09:15 [main] INFO  stepdefinitions.LoginSteps - Browser Launched....
2026-07-16 16:09:35 [main] INFO  stepdefinitions.LoginSteps - Navigate to URL....
2026-07-16 16:09:35 [main] INFO  stepdefinitions.LoginSteps - ===================================================
2026-07-16 16:09:41 [main] INFO  stepdefinitions.LoginSteps - Entered UserName
2026-07-16 16:09:41 [main] INFO  stepdefinitions.LoginSteps - Entered Password
2026-07-16 16:09:41 [main] INFO  stepdefinitions.LoginSteps - ===================================================
2026-07-16 16:09:41 [main] INFO  stepdefinitions.LoginSteps - Click Login Button...
2026-07-16 16:09:41 [main] INFO  stepdefinitions.LoginSteps - ===================================================
2026-07-16 16:51:10 [main] INFO  stepdefinitions.LoginSteps - Browser Launched....
2026-07-16 16:51:21 [main] INFO  stepdefinitions.LoginSteps - Navigate to URL....
2026-07-16 16:51:21 [main] INFO  stepdefinitions.LoginSteps - ===================================================
2026-07-16 16:51:22 [main] INFO  stepdefinitions.LoginSteps - Entered UserName
2026-07-16 16:51:23 [main] INFO  stepdefinitions.LoginSteps - Entered Password
2026-07-16 16:51:23 [main] INFO  stepdefinitions.LoginSteps - ===================================================
2026-07-16 16:51:28 [main] INFO  stepdefinitions.LoginSteps - Click Login Button...
2026-07-16 16:51:28 [main] INFO  stepdefinitions.LoginSteps - ===================================================
2026-07-16 16:51:32 [main] INFO  stepdefinitions.LoginSteps - Browser Launched....
2026-07-16 16:51:42 [main] INFO  stepdefinitions.LoginSteps - Navigate to URL....
2026-07-16 16:51:42 [main] INFO  stepdefinitions.LoginSteps - ===================================================
2026-07-16 16:51:43 [main] INFO  stepdefinitions.LoginSteps - Entered UserName
2026-07-16 16:51:43 [main] INFO  stepdefinitions.LoginSteps - Entered Password
2026-07-16 16:51:43 [main] INFO  stepdefinitions.LoginSteps - ===================================================
2026-07-16 16:51:45 [main] INFO  stepdefinitions.LoginSteps - Click Login Button...
2026-07-16 16:51:45 [main] INFO  stepdefinitions.LoginSteps - ===================================================
2026-07-16 16:51:48 [main] INFO  stepdefinitions.LoginSteps - Browser Launched....
2026-07-16 16:52:00 [main] INFO  stepdefinitions.LoginSteps - Navigate to URL....
2026-07-16 16:52:00 [main] INFO  stepdefinitions.LoginSteps - ===================================================
2026-07-16 16:52:02 [main] INFO  stepdefinitions.LoginSteps - Entered UserName
2026-07-16 16:52:03 [main] INFO  stepdefinitions.LoginSteps - Entered Password
2026-07-16 16:52:03 [main] INFO  stepdefinitions.LoginSteps - ===================================================
2026-07-16 16:52:05 [main] INFO  stepdefinitions.LoginSteps - Click Login Button...
2026-07-16 16:52:05 [main] INFO  stepdefinitions.LoginSteps - ===================================================
2026-07-16 18:04:32 [main] INFO  stepdefinitions.LoginSteps - Browser Launched....
2026-07-16 18:04:34 [main] INFO  stepdefinitions.LoginSteps - Navigate to URL....
2026-07-16 18:04:34 [main] INFO  stepdefinitions.LoginSteps - ===================================================
2026-07-16 18:06:12 [main] INFO  stepdefinitions.LoginSteps - Browser Launched....
2026-07-16 18:06:14 [main] INFO  stepdefinitions.LoginSteps - Navigate to URL....
2026-07-16 18:06:14 [main] INFO  stepdefinitions.LoginSteps - ===================================================
2026-07-16 18:06:40 [main] INFO  stepdefinitions.LoginSteps - Browser Launched....
2026-07-16 18:06:52 [main] INFO  stepdefinitions.LoginSteps - Navigate to URL....
2026-07-16 18:06:52 [main] INFO  stepdefinitions.LoginSteps - ===================================================
2026-07-16 18:08:10 [main] INFO  stepdefinitions.LoginSteps - Browser Launched....
2026-07-16 18:08:15 [main] INFO  stepdefinitions.LoginSteps - Navigate to URL....
2026-07-16 18:08:15 [main] INFO  stepdefinitions.LoginSteps - ===================================================
2026-07-16 18:09:14 [main] INFO  stepdefinitions.LoginSteps - Browser Launched....
2026-07-16 18:09:19 [main] INFO  stepdefinitions.LoginSteps - Navigate to URL....
2026-07-16 18:09:19 [main] INFO  stepdefinitions.LoginSteps - ===================================================
2026-07-16 18:09:25 [main] INFO  stepdefinitions.LoginSteps - Click Login Button...
2026-07-16 18:09:25 [main] INFO  stepdefinitions.LoginSteps - ===================================================
